<?xml version="1.0" encoding="UTF-8"?>
<coverage generated="1699286071871" clover="3.2.0">
  <project timestamp="1699286071872" name="All files">
    <metrics statements="19" coveredstatements="8" conditionals="8" coveredconditionals="0" methods="8" coveredmethods="2" elements="35" coveredelements="10" complexity="0" loc="19" ncloc="19" packages="1" files="1" classes="1"/>
    <file name="common.tsx" path="C:\Users\Ingrid\Desktop\DEV009-burger-queen-api-client\burger-queen\src\components\common.tsx">
      <metrics statements="19" coveredstatements="8" conditionals="8" coveredconditionals="0" methods="8" coveredmethods="2"/>
      <line num="1" count="1" type="stmt"/>
      <line num="2" count="1" type="stmt"/>
      <line num="4" count="1" type="stmt"/>
      <line num="5" count="1" type="stmt"/>
      <line num="13" count="1" type="stmt"/>
      <line num="14" count="1" type="stmt"/>
      <line num="24" count="1" type="stmt"/>
      <line num="25" count="0" type="stmt"/>
      <line num="28" count="0" type="stmt"/>
      <line num="30" count="0" type="stmt"/>
      <line num="31" count="0" type="stmt"/>
      <line num="34" count="0" type="stmt"/>
      <line num="36" count="0" type="stmt"/>
      <line num="39" count="0" type="stmt"/>
      <line num="41" count="0" type="stmt"/>
      <line num="44" count="0" type="stmt"/>
      <line num="60" count="0" type="stmt"/>
      <line num="76" count="1" type="stmt"/>
      <line num="77" count="0" type="stmt"/>
    </file>
  </project>
</coverage>
