{"C:\\Users\\Ingrid\\Desktop\\DEV009-burger-queen-api-client\\burger-queen\\src\\components\\common.tsx": {"path":"C:\\Users\\Ingrid\\Desktop\\DEV009-burger-queen-api-client\\burger-queen\\src\\components\\common.tsx","statementMap":{"0":{"start":{"line":1,"column":0},"end":{"line":1,"column":33}},"1":{"start":{"line":2,"column":0},"end":{"line":2,"column":47}},"2":{"start":{"line":5,"column":2},"end":{"line":10,"column":null}},"3":{"start":{"line":4,"column":0},"end":{"line":4,"column":16}},"4":{"start":{"line":14,"column":2},"end":{"line":21,"column":null}},"5":{"start":{"line":13,"column":0},"end":{"line":13,"column":16}},"6":{"start":{"line":25,"column":21},"end":{"line":25,"column":34}},"7":{"start":{"line":28,"column":42},"end":{"line":28,"column":57}},"8":{"start":{"line":30,"column":21},"end":{"line":32,"column":3}},"9":{"start":{"line":31,"column":4},"end":{"line":31,"column":35}},"10":{"start":{"line":34,"column":23},"end":{"line":37,"column":3}},"11":{"start":{"line":36,"column":4},"end":{"line":36,"column":20}},"12":{"start":{"line":39,"column":27},"end":{"line":42,"column":3}},"13":{"start":{"line":41,"column":4},"end":{"line":41,"column":47}},"14":{"start":{"line":44,"column":2},"end":{"line":67,"column":4}},"15":{"start":{"line":60,"column":55},"end":{"line":60,"column":78}},"16":{"start":{"line":24,"column":0},"end":{"line":24,"column":16}},"17":{"start":{"line":77,"column":2},"end":{"line":84,"column":null}},"18":{"start":{"line":76,"column":0},"end":{"line":76,"column":16}}},"fnMap":{"0":{"name":"BackgroundImage","decl":{"start":{"line":4,"column":16},"end":{"line":4,"column":31}},"loc":{"start":{"line":4,"column":31},"end":{"line":11,"column":1}}},"1":{"name":"TextLogo","decl":{"start":{"line":13,"column":16},"end":{"line":13,"column":24}},"loc":{"start":{"line":13,"column":24},"end":{"line":22,"column":1}}},"2":{"name":"Profile","decl":{"start":{"line":24,"column":16},"end":{"line":24,"column":23}},"loc":{"start":{"line":24,"column":52},"end":{"line":68,"column":1}}},"3":{"name":"(anonymous_3)","decl":{"start":{"line":30,"column":21},"end":{"line":30,"column":24}},"loc":{"start":{"line":30,"column":26},"end":{"line":32,"column":3}}},"4":{"name":"(anonymous_4)","decl":{"start":{"line":34,"column":23},"end":{"line":34,"column":26}},"loc":{"start":{"line":34,"column":28},"end":{"line":37,"column":3}}},"5":{"name":"(anonymous_5)","decl":{"start":{"line":39,"column":27},"end":{"line":39,"column":28}},"loc":{"start":{"line":39,"column":45},"end":{"line":42,"column":3}}},"6":{"name":"(anonymous_6)","decl":{"start":{"line":60,"column":49},"end":{"line":60,"column":52}},"loc":{"start":{"line":60,"column":55},"end":{"line":60,"column":78}}},"7":{"name":"Error404","decl":{"start":{"line":76,"column":16},"end":{"line":76,"column":24}},"loc":{"start":{"line":76,"column":24},"end":{"line":85,"column":1}}}},"branchMap":{"0":{"loc":{"start":{"line":48,"column":32},"end":{"line":48,"column":61}},"type":"cond-expr","locations":[{"start":{"line":48,"column":48},"end":{"line":48,"column":56}},{"start":{"line":48,"column":59},"end":{"line":48,"column":61}}]},"1":{"loc":{"start":{"line":57,"column":36},"end":{"line":57,"column":124}},"type":"cond-expr","locations":[{"start":{"line":57,"column":70},"end":{"line":57,"column":78}},{"start":{"line":57,"column":81},"end":{"line":57,"column":124}}]},"2":{"loc":{"start":{"line":57,"column":81},"end":{"line":57,"column":124}},"type":"cond-expr","locations":[{"start":{"line":57,"column":113},"end":{"line":57,"column":119}},{"start":{"line":57,"column":122},"end":{"line":57,"column":124}}]},"3":{"loc":{"start":{"line":59,"column":11},"end":{"line":60,"column":null}},"type":"binary-expr","locations":[{"start":{"line":59,"column":11},"end":{"line":59,"column":42}},{"start":{"line":60,"column":12},"end":{"line":60,"column":97}}]}},"s":{"0":1,"1":1,"2":1,"3":1,"4":1,"5":1,"6":0,"7":0,"8":0,"9":0,"10":0,"11":0,"12":0,"13":0,"14":0,"15":0,"16":1,"17":0,"18":1},"f":{"0":1,"1":1,"2":0,"3":0,"4":0,"5":0,"6":0,"7":0},"b":{"0":[0,0],"1":[0,0],"2":[0,0],"3":[0,0]}}
}
