TN:
SF:src\components\common.tsx
FN:4,BackgroundImage
FN:13,TextLogo
FN:24,Profile
FN:30,(anonymous_3)
FN:34,(anonymous_4)
FN:39,(anonymous_5)
FN:60,(anonymous_6)
FN:76,Error404
FNF:8
FNH:2
FNDA:1,BackgroundImage
FNDA:1,TextLogo
FNDA:0,Profile
FNDA:0,(anonymous_3)
FNDA:0,(anonymous_4)
FNDA:0,(anonymous_5)
FNDA:0,(anonymous_6)
FNDA:0,Error404
DA:1,1
DA:2,1
DA:4,1
DA:5,1
DA:13,1
DA:14,1
DA:24,1
DA:25,0
DA:28,0
DA:30,0
DA:31,0
DA:34,0
DA:36,0
DA:39,0
DA:41,0
DA:44,0
DA:60,0
DA:76,1
DA:77,0
LF:19
LH:8
BRDA:48,0,0,0
BRDA:48,0,1,0
BRDA:57,1,0,0
BRDA:57,1,1,0
BRDA:57,2,0,0
BRDA:57,2,1,0
BRDA:59,3,0,0
BRDA:59,3,1,0
BRF:8
BRH:0
end_of_record
